[debug] [2025-11-02T11:23:02.878Z] ----------------------------------------------------------------------
[debug] [2025-11-02T11:23:02.883Z] Command:       D:\Applications\node.exe C:\Users\pc\AppData\Roaming\npm\node_modules\firebase-tools\lib\bin\firebase.js init
[debug] [2025-11-02T11:23:02.883Z] CLI Version:   14.23.0
[debug] [2025-11-02T11:23:02.883Z] Platform:      win32
[debug] [2025-11-02T11:23:02.884Z] Node Version:  v22.18.0
[debug] [2025-11-02T11:23:02.885Z] Time:          Sun Nov 02 2025 19:23:02 GMT+0800 (China Standard Time)
[debug] [2025-11-02T11:23:02.885Z] ----------------------------------------------------------------------
[debug] 
[info] 
     ######## #### ########  ######## ########     ###     ######  ########
     ##        ##  ##     ## ##       ##     ##  ##   ##  ##       ##
     ######    ##  ########  ######   ########  #########  ######  ######
     ##        ##  ##    ##  ##       ##     ## ##     ##       ## ##
     ##       #### ##     ## ######## ########  ##     ##  ######  ########

You're about to initialize a Firebase project in this directory:

  D:\Github\Repository\grizz-project

[debug] [2025-11-02T13:51:51.728Z] ExitPromptError: User force closed the prompt with SIGINT
    at Interface.sigint (C:\Users\pc\AppData\Roaming\npm\node_modules\firebase-tools\node_modules\@inquirer\core\dist\commonjs\lib\create-prompt.js:101:37)
    at Interface.emit (node:events:518:28)
    at Interface.emit (node:domain:489:12)
    at [_ttyWrite] [as _ttyWrite] (node:internal/readline/interface:1132:18)
    at ReadStream.onkeypress (node:internal/readline/interface:271:20)
    at ReadStream.emit (node:events:530:35)
    at ReadStream.emit (node:domain:489:12)
    at emitKeys (node:internal/readline/utils:370:14)
    at emitKeys.next (<anonymous>)
    at ReadStream.onData (node:internal/readline/emitKeypressEvents:64:36)
[error] 
[error] Error: An unexpected error has occurred.
